SF:/home/knoldus/Desktop/dotnet/dotnet assessment 4_ Mustafizur_Rahman/dotnet_assessment4_mustafizur_rahman/rpgAPI/Service/CharacterService.cs
FN:19,rpgAPI.Model.ServiceResponse`1<System.Collections.Generic.List`1<rpgAPI.Model.Character>> rpgAPI.Service.CharacterService::GetAllCharacter()
FNDA:1,rpgAPI.Model.ServiceResponse`1<System.Collections.Generic.List`1<rpgAPI.Model.Character>> rpgAPI.Service.CharacterService::GetAllCharacter()
DA:20,1
DA:21,1
DA:22,1
DA:23,1
DA:24,1
DA:25,1
DA:26,1
FN:28,rpgAPI.Model.ServiceResponse`1<System.Collections.Generic.List`1<rpgAPI.Model.Character>> rpgAPI.Service.CharacterService::AddCharacter(rpgAPI.Model.Character)
FNDA:2,rpgAPI.Model.ServiceResponse`1<System.Collections.Generic.List`1<rpgAPI.Model.Character>> rpgAPI.Service.CharacterService::AddCharacter(rpgAPI.Model.Character)
DA:29,2
DA:30,2
DA:32,2
DA:33,2
DA:34,2
DA:35,2
DA:36,2
DA:38,2
FN:40,rpgAPI.Model.ServiceResponse`1<rpgAPI.Model.Character> rpgAPI.Service.CharacterService::GetCharacterById(System.Int32)
FNDA:2,rpgAPI.Model.ServiceResponse`1<rpgAPI.Model.Character> rpgAPI.Service.CharacterService::GetCharacterById(System.Int32)
DA:41,2
DA:42,5
DA:44,2
DA:46,2
DA:47,1
DA:48,1
DA:49,1
DA:51,1
DA:54,1
DA:56,1
DA:57,2
BRDA:46,49,0,1
BRDA:46,49,1,1
FN:59,rpgAPI.Model.ServiceResponse`1<System.Collections.Generic.List`1<rpgAPI.Model.Character>> rpgAPI.Service.CharacterService::UpdateCharacter(rpgAPI.Model.Character)
FNDA:1,rpgAPI.Model.ServiceResponse`1<System.Collections.Generic.List`1<rpgAPI.Model.Character>> rpgAPI.Service.CharacterService::UpdateCharacter(rpgAPI.Model.Character)
DA:60,1
DA:61,1
DA:62,2
DA:64,1
DA:65,1
DA:66,3
DA:67,1
DA:69,1
DA:71,1
DA:73,1
DA:74,1
BRDA:64,49,0,1
BRDA:64,49,1,1
FN:11,System.Void rpgAPI.Service.CharacterService::.cctor()
FNDA:1,System.Void rpgAPI.Service.CharacterService::.cctor()
DA:12,1
DA:13,1
DA:14,1
DA:15,1
DA:16,1
LF:42
LH:42
BRF:4
BRH:4
FNF:5
FNH:5
end_of_record
SF:/home/knoldus/Desktop/dotnet/dotnet assessment 4_ Mustafizur_Rahman/dotnet_assessment4_mustafizur_rahman/rpgAPI/Model/Character.cs
FN:9,System.Int32 rpgAPI.Model.Character::get_Id()
FNDA:28,System.Int32 rpgAPI.Model.Character::get_Id()
DA:10,28
FN:11,System.String rpgAPI.Model.Character::get_Name()
FNDA:27,System.String rpgAPI.Model.Character::get_Name()
DA:12,27
FN:13,System.Int32 rpgAPI.Model.Character::get_HitPoint()
FNDA:21,System.Int32 rpgAPI.Model.Character::get_HitPoint()
DA:14,21
FN:15,System.Int32 rpgAPI.Model.Character::get_Strength()
FNDA:15,System.Int32 rpgAPI.Model.Character::get_Strength()
DA:16,15
FN:17,System.Int32 rpgAPI.Model.Character::get_Defense()
FNDA:21,System.Int32 rpgAPI.Model.Character::get_Defense()
DA:18,21
FN:19,System.Int32 rpgAPI.Model.Character::get_Intelligence()
FNDA:21,System.Int32 rpgAPI.Model.Character::get_Intelligence()
DA:20,21
FN:21,rpgAPI.Model.RPGClass rpgAPI.Model.Character::get_CharacterClass()
FNDA:21,rpgAPI.Model.RPGClass rpgAPI.Model.Character::get_CharacterClass()
DA:22,21
LF:7
LH:7
BRF:0
BRH:0
FNF:7
FNH:7
end_of_record
SF:/home/knoldus/Desktop/dotnet/dotnet assessment 4_ Mustafizur_Rahman/dotnet_assessment4_mustafizur_rahman/rpgAPI/Model/ServiceResponse.cs
FN:10,T rpgAPI.Model.ServiceResponse`1::get_Data()
FNDA:16,T rpgAPI.Model.ServiceResponse`1::get_Data()
DA:11,16
FN:12,System.Boolean rpgAPI.Model.ServiceResponse`1::get_Success()
FNDA:21,System.Boolean rpgAPI.Model.ServiceResponse`1::get_Success()
DA:13,21
FN:14,System.String rpgAPI.Model.ServiceResponse`1::get_Message()
FNDA:20,System.String rpgAPI.Model.ServiceResponse`1::get_Message()
DA:15,20
LF:3
LH:3
BRF:0
BRH:0
FNF:3
FNH:3
end_of_record
SF:/home/knoldus/Desktop/dotnet/dotnet assessment 4_ Mustafizur_Rahman/dotnet_assessment4_mustafizur_rahman/rpgAPI/Controller/CharacterController.cs
FN:22,Microsoft.AspNetCore.Mvc.ActionResult`1<rpgAPI.Model.ServiceResponse`1<System.Collections.Generic.List`1<rpgAPI.Model.Character>>> rpgAPI.Controller.CharacterController::GetCharacter()
FNDA:2,Microsoft.AspNetCore.Mvc.ActionResult`1<rpgAPI.Model.ServiceResponse`1<System.Collections.Generic.List`1<rpgAPI.Model.Character>>> rpgAPI.Controller.CharacterController::GetCharacter()
DA:23,2
DA:24,2
DA:25,2
FN:29,Microsoft.AspNetCore.Mvc.ActionResult`1<rpgAPI.Model.ServiceResponse`1<rpgAPI.Model.Character>> rpgAPI.Controller.CharacterController::GetId(System.Int32)
FNDA:4,Microsoft.AspNetCore.Mvc.ActionResult`1<rpgAPI.Model.ServiceResponse`1<rpgAPI.Model.Character>> rpgAPI.Controller.CharacterController::GetId(System.Int32)
DA:30,4
DA:31,4
DA:32,4
FN:35,Microsoft.AspNetCore.Mvc.ActionResult`1<rpgAPI.Model.ServiceResponse`1<System.Collections.Generic.List`1<rpgAPI.Model.Character>>> rpgAPI.Controller.CharacterController::PostCharacter(rpgAPI.Model.Character)
FNDA:1,Microsoft.AspNetCore.Mvc.ActionResult`1<rpgAPI.Model.ServiceResponse`1<System.Collections.Generic.List`1<rpgAPI.Model.Character>>> rpgAPI.Controller.CharacterController::PostCharacter(rpgAPI.Model.Character)
DA:36,1
DA:37,1
DA:38,1
FN:15,System.Void rpgAPI.Controller.CharacterController::.ctor(rpgAPI.Service.ICharacterService)
FNDA:7,System.Void rpgAPI.Controller.CharacterController::.ctor(rpgAPI.Service.ICharacterService)
DA:16,7
DA:17,7
DA:18,7
DA:19,7
LF:13
LH:13
BRF:0
BRH:0
FNF:4
FNH:4
end_of_record